<?xml version="1.0" encoding="UTF-8" standalone="no"?>
<!DOCTYPE log SYSTEM "logger.dtd">
<log>
<record>
  <date>2019-04-01T16:26:48.069-0300</date>
  <logger>DANILO DE MENEZES FREITAS</logger>
  <level>FINE</level>
  <message>File 118111779-DANILO DE MENEZES FREITAS.zip was received. It was sent by DANILO DE MENEZES FREITAS from IP 150.165.42.189</message>
</record>
</log>
<?xml version="1.0" encoding="UTF-8" standalone="no"?>
<!DOCTYPE log SYSTEM "logger.dtd">
<log>
<record>
  <date>2019-04-01T22:38:39.051-0300</date>
  <logger>DANILO DE MENEZES FREITAS</logger>
  <level>FINE</level>
  <message>File 118111779-DANILO DE MENEZES FREITAS.zip was received. It was sent by DANILO DE MENEZES FREITAS from IP 192.168.25.15</message>
</record>
</log>
<?xml version="1.0" encoding="UTF-8" standalone="no"?>
<!DOCTYPE log SYSTEM "logger.dtd">
<log>
<record>
  <date>2019-04-01T22:46:17.459-0300</date>
  <logger>DANILO DE MENEZES FREITAS</logger>
  <level>FINE</level>
  <message>File 118111779-DANILO DE MENEZES FREITAS.zip was received. It was sent by DANILO DE MENEZES FREITAS from IP 192.168.25.15</message>
</record>
</log>
<?xml version="1.0" encoding="UTF-8" standalone="no"?>
<!DOCTYPE log SYSTEM "logger.dtd">
<log>
<record>
  <date>2019-04-01T22:53:32.587-0300</date>
  <logger>DANILO DE MENEZES FREITAS</logger>
  <level>FINE</level>
  <message>File 118111779-DANILO DE MENEZES FREITAS.zip was received. It was sent by DANILO DE MENEZES FREITAS from IP 192.168.25.15</message>
</record>
</log>
<?xml version="1.0" encoding="UTF-8" standalone="no"?>
<!DOCTYPE log SYSTEM "logger.dtd">
<log>
<record>
  <date>2019-04-01T23:02:13.984-0300</date>
  <logger>DANILO DE MENEZES FREITAS</logger>
  <level>FINE</level>
  <message>File 118111779-DANILO DE MENEZES FREITAS.zip was received. It was sent by DANILO DE MENEZES FREITAS from IP 192.168.25.15</message>
</record>
